<?xml version="1.0" encoding="UTF-8"?>
<!-- Generated by org.testng.reporters.JUnitXMLReporter -->
<testsuite ignored="0" hostname="JOHAN-NB" failures="1" tests="1" name="Facebook Login Test" time="0.648" errors="0" timestamp="2024-09-13T02:26:57 WIB">
  <testcase classname="futureTech9ExtentReport.LoginTest" name="LoginPageTest" time="0.018">
    <failure type="java.lang.AssertionError" message="expected [Facebook HomePage] but found [Facebook Login]">
      <![CDATA[java.lang.AssertionError: expected [Facebook HomePage] but found [Facebook Login]
at futureTech9ExtentReport.LoginTest.LoginPageTest(LoginTest.java:37)
at java.base/java.util.ArrayList.forEach(ArrayList.java:1597)
... Removed 31 stack frames]]>
    </failure>
  </testcase> <!-- LoginPageTest -->
</testsuite> <!-- Facebook Login Test -->
