<?xml version="1.0" encoding="UTF-8"?>
<!-- Generated by org.testng.reporters.JUnitXMLReporter -->
<testsuite ignored="0" hostname="JOHAN-NB" failures="1" tests="2" name="Test" time="0.062" errors="0" timestamp="2024-09-08T17:19:39 WIB">
  <testcase classname="sequenceTestNG" name="runningTest1" time="0.015">
    <failure type="java.lang.AssertionError" message="Expected 11 but its 10 expected [11] but found [10]">
      <![CDATA[java.lang.AssertionError: Expected 11 but its 10 expected [11] but found [10]
at sequenceTestNG.runningTest1(sequenceTestNG.java:33)
at java.base/java.util.ArrayList.forEach(ArrayList.java:1597)
... Removed 31 stack frames]]>
    </failure>
  </testcase> <!-- runningTest1 -->
  <testcase classname="sequenceTestNG" name="runningTest2" time="0.002"/>
</testsuite> <!-- Test -->
