<!DOCTYPE html PUBLIC "-//W3C//DTD XHTML 1.1//EN" "https://www.w3.org/TR/xhtml11/DTD/xhtml11.dtd">
<html xmlns="https://www.w3.org/1999/xhtml">
<head>
<meta http-equiv="content-type" content="text/html; charset=UTF-8"/>
<title>TestNG Report</title>
<style type="text/css">table {margin-bottom:10px;border-collapse:collapse;empty-cells:show}th,td {border:1px solid #009;padding:.25em .5em}th {vertical-align:bottom}td {vertical-align:top}table a {font-weight:bold}.stripe td {background-color: #E6EBF9}.num {text-align:right}.passedodd td {background-color: #3F3}.passedeven td {background-color: #0A0}.skippedodd td {background-color: #DDD}.skippedeven td {background-color: #CCC}.failedodd td,.attn {background-color: #F33}.failedeven td,.stripe .attn {background-color: #D00}.stacktrace {white-space:pre;font-family:monospace}.totop {font-size:85%;text-align:center;border-bottom:2px solid #000}.invisible {display:none}</style>
</head>
<body>
<table>
<tr><th>Test</th><th># Passed</th><th># Skipped</th><th># Retried</th><th># Failed</th><th>Time (ms)</th><th>Included Groups</th><th>Excluded Groups</th></tr>
<tr><th colspan="8">Default suite</th></tr>
<tr><td><a href="#t0">Default test</a></td><td class="num">72</td><td class="num attn">1</td><td class="num">0</td><td class="num attn">13</td><td class="num">95,501</td><td></td><td></td></tr>
</table>
<table id='summary'><thead><tr><th>Class</th><th>Method</th><th>Start</th><th>Time (ms)</th></tr></thead><tbody><tr><th colspan="4">Default suite</th></tr></tbody><tbody id="t0"><tr><th colspan="4">Default test &#8212; failed (configuration methods)</th></tr><tr class="failedeven"><td rowspan="1">com.toolsqa.MultiBrowser</td><td><a href="#m0">beforeTest</a></td><td rowspan="1">1725734627408</td><td rowspan="1">-1725734627408</td></tr><tr><th colspan="4">Default test &#8212; failed</th></tr><tr class="failedeven"><td rowspan="1">com.javatpoint.annotations.Time_out</td><td><a href="#m1">testcase1</a></td><td rowspan="1">1725734640252</td><td rowspan="1">269</td></tr><tr class="failedodd"><td rowspan="2">com.javatpoint.parameters.Fruits</td><td><a href="#m2">mango</a></td><td rowspan="1">1725734627506</td><td rowspan="1">0</td></tr><tr class="failedodd"><td><a href="#m3">orange</a></td><td rowspan="1">1725734627530</td><td rowspan="1">0</td></tr><tr class="failedeven"><td rowspan="1">com.javatpoint.parameters.Multiply</td><td><a href="#m4">add</a></td><td rowspan="1">1725734620069</td><td rowspan="1">0</td></tr><tr class="failedodd"><td rowspan="1">com.javatpoint.parameters.Subtract</td><td><a href="#m5">add</a></td><td rowspan="1">1725734620065</td><td rowspan="1">0</td></tr><tr class="failedeven"><td rowspan="1">com.javatpoint.parameters.Sum</td><td><a href="#m6">add</a></td><td rowspan="1">1725734620118</td><td rowspan="1">0</td></tr><tr class="failedodd"><td rowspan="2">com.javatpoint.parameters.Vegetable</td><td><a href="#m7">c</a></td><td rowspan="1">1725734620352</td><td rowspan="1">0</td></tr><tr class="failedodd"><td><a href="#m8">orange</a></td><td rowspan="1">1725734627536</td><td rowspan="1">0</td></tr><tr class="failedeven"><td rowspan="2">com.toolsqa.GroupExample</td><td><a href="#m9">checkTitle</a></td><td rowspan="1">1725734620375</td><td rowspan="1">1</td></tr><tr class="failedeven"><td><a href="#m10">click_element</a></td><td rowspan="1">1725734620379</td><td rowspan="1">2</td></tr><tr class="failedodd"><td rowspan="2">com.toolsqa.HardSoftAssertsExample</td><td><a href="#m11">OpenBrowser1</a></td><td rowspan="1">1725734588163</td><td rowspan="1">31755</td></tr><tr class="failedodd"><td><a href="#m12">OpenBrowser2</a></td><td rowspan="1">1725734640871</td><td rowspan="1">1596</td></tr><tr class="failedeven"><td rowspan="1">com.toolsqa.TestNGAssertions</td><td><a href="#m13">OpenBrowser</a></td><td rowspan="1">1725734547339</td><td rowspan="1">40362</td></tr><tr><th colspan="4">Default test &#8212; skipped (configuration methods)</th></tr><tr class="skippedeven"><td rowspan="1">com.toolsqa.MultiBrowser</td><td><a href="#m14">afterTest</a></td><td rowspan="1">1725734627420</td><td rowspan="1">-1725734627420</td></tr><tr><th colspan="4">Default test &#8212; skipped</th></tr><tr class="skippedeven"><td rowspan="1">com.toolsqa.MultiBrowser</td><td><a href="#m15">login</a></td><td rowspan="1">1725734627417</td><td rowspan="1">0</td></tr><tr><th colspan="4">Default test &#8212; passed</th></tr><tr class="passedeven"><td rowspan="2">com.javatpoint.Listener.Testcases</td><td><a href="#m16">testtofail</a></td><td rowspan="1">1725734640853</td><td rowspan="1">2</td></tr><tr class="passedeven"><td><a href="#m17">testtopass</a></td><td rowspan="1">1725734640858</td><td rowspan="1">1</td></tr><tr class="passedodd"><td rowspan="3">com.javatpoint.afterClass.Class1</td><td><a href="#m18">testcase1</a></td><td rowspan="1">1725734640593</td><td rowspan="1">1</td></tr><tr class="passedodd"><td><a href="#m19">testcase2</a></td><td rowspan="1">1725734640693</td><td rowspan="1">5</td></tr><tr class="passedodd"><td><a href="#m20">testcase3</a></td><td rowspan="1">1725734640826</td><td rowspan="1">2</td></tr><tr class="passedeven"><td rowspan="4">com.javatpoint.afterClass.Class2</td><td><a href="#m21">testcase1</a></td><td rowspan="1">1725734640551</td><td rowspan="1">28</td></tr><tr class="passedeven"><td><a href="#m22">testcase2</a></td><td rowspan="1">1725734640680</td><td rowspan="1">2</td></tr><tr class="passedeven"><td><a href="#m23">testcase3</a></td><td rowspan="1">1725734640799</td><td rowspan="1">13</td></tr><tr class="passedeven"><td><a href="#m24">testcase4</a></td><td rowspan="1">1725734640845</td><td rowspan="1">1</td></tr><tr class="passedodd"><td rowspan="3">com.javatpoint.afterGroups.After_groups</td><td><a href="#m25">testcase1</a></td><td rowspan="1">1725734640537</td><td rowspan="1">11</td></tr><tr class="passedodd"><td><a href="#m26">testcase2</a></td><td rowspan="1">1725734640672</td><td rowspan="1">5</td></tr><tr class="passedodd"><td><a href="#m27">testcase3</a></td><td rowspan="1">1725734640760</td><td rowspan="1">4</td></tr><tr class="passedeven"><td rowspan="3">com.javatpoint.afterMethod.After_Methods</td><td><a href="#m28">c_programmers</a></td><td rowspan="1">1725734620360</td><td rowspan="1">1</td></tr><tr class="passedeven"><td><a href="#m29">dotnet_developer</a></td><td rowspan="1">1725734620406</td><td rowspan="1">8</td></tr><tr class="passedeven"><td><a href="#m30">java_programmers</a></td><td rowspan="1">1725734627402</td><td rowspan="1">2</td></tr><tr class="passedodd"><td rowspan="2">com.javatpoint.afterSuite.Module1</td><td><a href="#m31">a_test</a></td><td rowspan="1">1725734620050</td><td rowspan="1">5</td></tr><tr class="passedodd"><td><a href="#m32">b_test</a></td><td rowspan="1">1725734620131</td><td rowspan="1">35</td></tr><tr class="passedeven"><td rowspan="1">com.javatpoint.afterSuite.Module2</td><td><a href="#m33">c_test</a></td><td rowspan="1">1725734620367</td><td rowspan="1">1</td></tr><tr class="passedodd"><td rowspan="2">com.javatpoint.afterTest.Fixed_deposit</td><td><a href="#m34">fixed_deposit</a></td><td rowspan="1">1725734627368</td><td rowspan="1">2</td></tr><tr class="passedodd"><td><a href="#m35">roi</a></td><td rowspan="1">1725734627558</td><td rowspan="1">2</td></tr><tr class="passedeven"><td rowspan="1">com.javatpoint.afterTest.Recurring_deposit</td><td><a href="#m36">recurring_deposit</a></td><td rowspan="1">1725734627552</td><td rowspan="1">2</td></tr><tr class="passedodd"><td rowspan="3">com.javatpoint.annotations.Depend_On_Methods</td><td><a href="#m37">APIStudentLogin</a></td><td rowspan="1">1725734620041</td><td rowspan="1">6</td></tr><tr class="passedodd"><td><a href="#m38">MobileStudentLogin</a></td><td rowspan="1">1725734588090</td><td rowspan="1">3</td></tr><tr class="passedodd"><td><a href="#m39">WebStudentLogin</a></td><td rowspan="1">1725734620018</td><td rowspan="1">12</td></tr><tr class="passedeven"><td rowspan="3">com.javatpoint.annotations.Descriptions</td><td><a href="#m40">testcase1</a></td><td rowspan="1">1725734640246</td><td rowspan="1">2</td></tr><tr class="passedeven"><td><a href="#m41">testcase2</a></td><td rowspan="1">1725734640630</td><td rowspan="1">7</td></tr><tr class="passedeven"><td><a href="#m42">testcase3</a></td><td rowspan="1">1725734640732</td><td rowspan="1">4</td></tr><tr class="passedodd"><td rowspan="2">com.javatpoint.annotations.Enabled</td><td><a href="#m43">c_language</a></td><td rowspan="1">1725734620356</td><td rowspan="1">1</td></tr><tr class="passedodd"><td><a href="#m44">java</a></td><td rowspan="1">1725734627398</td><td rowspan="1">2</td></tr><tr class="passedeven"><td rowspan="3">com.javatpoint.annotations.Groups</td><td><a href="#m45">infosys</a></td><td rowspan="1">1725734627395</td><td rowspan="1">1</td></tr><tr class="passedeven"><td><a href="#m46">technip</a></td><td rowspan="1">1725734640191</td><td rowspan="1">4</td></tr><tr class="passedeven"><td><a href="#m47">wipro</a></td><td rowspan="1">1725734640861</td><td rowspan="1">2</td></tr><tr class="passedodd"><td rowspan="3">com.javatpoint.annotations.Priority</td><td><a href="#m48">apple</a></td><td rowspan="1">1725734642761</td><td rowspan="1">2</td></tr><tr class="passedodd"><td><a href="#m49">mango</a></td><td rowspan="1">1725734627497</td><td rowspan="1">5</td></tr><tr class="passedodd"><td><a href="#m50">watermelon</a></td><td rowspan="1">1725734642469</td><td rowspan="1">2</td></tr><tr class="passedeven"><td rowspan="2">com.javatpoint.annotations.Time_out</td><td><a href="#m51">testcase2</a></td><td rowspan="1">1725734640639</td><td rowspan="1">31</td></tr><tr class="passedeven"><td><a href="#m52">testcase3</a></td><td rowspan="1">1725734640751</td><td rowspan="1">6</td></tr><tr class="passedodd"><td rowspan="2">com.javatpoint.beforeClass.Class1</td><td><a href="#m53">testcase1</a></td><td rowspan="1">1725734640222</td><td rowspan="1">9</td></tr><tr class="passedodd"><td><a href="#m54">testcase2</a></td><td rowspan="1">1725734640621</td><td rowspan="1">4</td></tr><tr class="passedeven"><td rowspan="2">com.javatpoint.beforeClass.Class2</td><td><a href="#m55">testcase3</a></td><td rowspan="1">1725734640728</td><td rowspan="1">3</td></tr><tr class="passedeven"><td><a href="#m56">testcase4</a></td><td rowspan="1">1725734640836</td><td rowspan="1">1</td></tr><tr class="passedodd"><td rowspan="3">com.javatpoint.beforeGroups.Class1</td><td><a href="#m57">testcase1</a></td><td rowspan="1">1725734640212</td><td rowspan="1">3</td></tr><tr class="passedodd"><td><a href="#m58">testcase2</a></td><td rowspan="1">1725734640598</td><td rowspan="1">15</td></tr><tr class="passedodd"><td><a href="#m59">testcase3</a></td><td rowspan="1">1725734640708</td><td rowspan="1">5</td></tr><tr class="passedeven"><td rowspan="2">com.javatpoint.beforeMethod.Before_Methods</td><td><a href="#m60">difference</a></td><td rowspan="1">1725734620401</td><td rowspan="1">2</td></tr><tr class="passedeven"><td><a href="#m61">sum</a></td><td rowspan="1">1725734640180</td><td rowspan="1">5</td></tr><tr class="passedodd"><td rowspan="1">com.javatpoint.beforeSuite.Car_loan</td><td><a href="#m62">car_loan</a></td><td rowspan="1">1725734620370</td><td rowspan="1">2</td></tr><tr class="passedeven"><td rowspan="1">com.javatpoint.beforeSuite.Home_loan</td><td><a href="#m63">home_loan</a></td><td rowspan="1">1725734627372</td><td rowspan="1">5</td></tr><tr class="passedodd"><td rowspan="1">com.javatpoint.beforeSuite.Personal_loan</td><td><a href="#m64">personal_loan</a></td><td rowspan="1">1725734627541</td><td rowspan="1">2</td></tr><tr class="passedeven"><td rowspan="3">com.javatpoint.beforeTest.hr_department</td><td><a href="#m65">counsellor</a></td><td rowspan="1">1725734620385</td><td rowspan="1">2</td></tr><tr class="passedeven"><td><a href="#m66">hr</a></td><td rowspan="1">1725734627382</td><td rowspan="1">10</td></tr><tr class="passedeven"><td><a href="#m67">manager</a></td><td rowspan="1">1725734627479</td><td rowspan="1">2</td></tr><tr class="passedodd"><td rowspan="3">com.javatpoint.beforeTest.it_department</td><td><a href="#m68">qa_analyst</a></td><td rowspan="1">1725734627549</td><td rowspan="1">1</td></tr><tr class="passedodd"><td><a href="#m69">software_developers</a></td><td rowspan="1">1725734627577</td><td rowspan="1">2</td></tr><tr class="passedodd"><td><a href="#m70">software_testers</a></td><td rowspan="1">1725734627581</td><td rowspan="1">7</td></tr><tr class="passedeven"><td rowspan="2">com.toolsqa.DataProviderExample</td><td><a href="#m71">myTest</a></td><td rowspan="2">1725734627517</td><td rowspan="2">2</td></tr><tr class="passedeven"><td><a href="#m72">myTest</a></td></tr><tr class="passedodd"><td rowspan="1">com.toolsqa.GetBrowserTitle</td><td><a href="#m73">f</a></td><td rowspan="1">1725734620417</td><td rowspan="1">6689</td></tr><tr class="passedeven"><td rowspan="3">com.toolsqa.GroupDependentTestMethods</td><td><a href="#m74">LogIn</a></td><td rowspan="1">1725734588077</td><td rowspan="1">3</td></tr><tr class="passedeven"><td><a href="#m75">OpenBrowser</a></td><td rowspan="1">1725734588095</td><td rowspan="1">2</td></tr><tr class="passedeven"><td><a href="#m76">ViewAcc</a></td><td rowspan="1">1725734619988</td><td rowspan="1">15</td></tr><tr class="passedodd"><td rowspan="1">com.toolsqa.GroupExample</td><td><a href="#m77">starting_point</a></td><td rowspan="1">1725734627601</td><td rowspan="1">12567</td></tr><tr class="passedeven"><td rowspan="1">com.toolsqa.HardSoftAssertsExample</td><td><a href="#m78">CloseBrowser</a></td><td rowspan="1">1725734642472</td><td rowspan="1">284</td></tr><tr class="passedodd"><td rowspan="3">com.toolsqa.MultipleDependentTestMethods</td><td><a href="#m79">LogOut</a></td><td rowspan="1">1725734619963</td><td rowspan="1">4</td></tr><tr class="passedodd"><td><a href="#m80">OpenBrowser</a></td><td rowspan="1">1725734588110</td><td rowspan="1">9</td></tr><tr class="passedodd"><td><a href="#m81">SignIn</a></td><td rowspan="1">1725734619948</td><td rowspan="1">3</td></tr><tr class="passedeven"><td rowspan="3">com.toolsqa.SingleDependentTestMethods</td><td><a href="#m82">LogOut</a></td><td rowspan="1">1725734619941</td><td rowspan="1">4</td></tr><tr class="passedeven"><td><a href="#m83">OpenBrowser</a></td><td rowspan="1">1725734588102</td><td rowspan="1">4</td></tr><tr class="passedeven"><td><a href="#m84">SignIn</a></td><td rowspan="1">1725734619929</td><td rowspan="1">4</td></tr><tr class="passedodd"><td rowspan="1">com.toolsqa.TestNGAssertions</td><td><a href="#m85">CloseBrowser</a></td><td rowspan="1">1725734587717</td><td rowspan="1">350</td></tr><tr class="passedeven"><td rowspan="2">sequenceTestNG</td><td><a href="#m86">runningTest1</a></td><td rowspan="1">1725734627564</td><td rowspan="1">2</td></tr><tr class="passedeven"><td><a href="#m87">runningTest2</a></td><td rowspan="1">1725734627570</td><td rowspan="1">3</td></tr></tbody>
</table>
<h2>Default test</h2><h3 id="m0">com.toolsqa.MultiBrowser#beforeTest</h3><table class="result"><tr><th>Exception</th></tr><tr><td><div class="stacktrace">org.testng.TestNGException: 
Parameter &apos;browser&apos; is required by BeforeClass on method beforeTest but has not been marked @Optional or defined
in C:\Users\Johan Linda\AppData\Local\Temp\testng-eclipse--1693924006\testng-customsuite.xml
	at org.testng.internal.Parameters.createParams(Parameters.java:270)
	at org.testng.internal.Parameters.createParametersForMethod(Parameters.java:358)
	at org.testng.internal.Parameters.createParameters(Parameters.java:700)
	at org.testng.internal.Parameters.createConfigurationParameters(Parameters.java:168)
	at org.testng.internal.ConfigInvoker.invokeConfigurations(ConfigInvoker.java:302)
	at org.testng.internal.TestMethodWorker.invokeBeforeClassMethods(TestMethodWorker.java:176)
	at org.testng.internal.TestMethodWorker.run(TestMethodWorker.java:122)
	at java.base/java.util.ArrayList.forEach(ArrayList.java:1596)
	at org.testng.TestRunner.privateRun(TestRunner.java:794)
	at org.testng.TestRunner.run(TestRunner.java:596)
	at org.testng.SuiteRunner.runTest(SuiteRunner.java:377)
	at org.testng.SuiteRunner.runSequentially(SuiteRunner.java:371)
	at org.testng.SuiteRunner.privateRun(SuiteRunner.java:332)
	at org.testng.SuiteRunner.run(SuiteRunner.java:276)
	at org.testng.SuiteRunnerWorker.runSuite(SuiteRunnerWorker.java:53)
	at org.testng.SuiteRunnerWorker.run(SuiteRunnerWorker.java:96)
	at org.testng.TestNG.runSuitesSequentially(TestNG.java:1212)
	at org.testng.TestNG.runSuitesLocally(TestNG.java:1134)
	at org.testng.TestNG.runSuites(TestNG.java:1063)
	at org.testng.TestNG.run(TestNG.java:1031)
	at org.testng.remote.AbstractRemoteTestNG.run(AbstractRemoteTestNG.java:115)
	at org.testng.remote.RemoteTestNG.initAndRun(RemoteTestNG.java:293)
	at org.testng.remote.RemoteTestNG.main(RemoteTestNG.java:91)
</div></td></tr></table><p class="totop"><a href="#summary">back to summary</a></p>
<h3 id="m1">com.javatpoint.annotations.Time_out#testcase1</h3><table class="result"><tr><th>Exception</th></tr><tr><td><div class="stacktrace">org.testng.internal.thread.ThreadTimeoutException: Method com.javatpoint.annotations.Time_out.testcase1() didn&apos;t finish within the time-out 200
	at org.testng.internal.MethodInvocationHelper.invokeWithTimeoutWithNewExecutor(MethodInvocationHelper.java:384)
	at org.testng.internal.MethodInvocationHelper.invokeWithTimeout(MethodInvocationHelper.java:283)
	at org.testng.internal.TestInvoker.invokeMethod(TestInvoker.java:604)
	at org.testng.internal.TestInvoker.invokeTestMethod(TestInvoker.java:173)
	at org.testng.internal.MethodRunner.runInSequence(MethodRunner.java:46)
	at org.testng.internal.TestInvoker$MethodInvocationAgent.invoke(TestInvoker.java:824)
	at org.testng.internal.TestInvoker.invokeTestMethods(TestInvoker.java:146)
	at org.testng.internal.TestMethodWorker.invokeTestMethods(TestMethodWorker.java:146)
	at org.testng.internal.TestMethodWorker.run(TestMethodWorker.java:128)
	at java.base/java.util.ArrayList.forEach(ArrayList.java:1596)
	at org.testng.TestRunner.privateRun(TestRunner.java:794)
	at org.testng.TestRunner.run(TestRunner.java:596)
	at org.testng.SuiteRunner.runTest(SuiteRunner.java:377)
	at org.testng.SuiteRunner.runSequentially(SuiteRunner.java:371)
	at org.testng.SuiteRunner.privateRun(SuiteRunner.java:332)
	at org.testng.SuiteRunner.run(SuiteRunner.java:276)
	at org.testng.SuiteRunnerWorker.runSuite(SuiteRunnerWorker.java:53)
	at org.testng.SuiteRunnerWorker.run(SuiteRunnerWorker.java:96)
	at org.testng.TestNG.runSuitesSequentially(TestNG.java:1212)
	at org.testng.TestNG.runSuitesLocally(TestNG.java:1134)
	at org.testng.TestNG.runSuites(TestNG.java:1063)
	at org.testng.TestNG.run(TestNG.java:1031)
	at org.testng.remote.AbstractRemoteTestNG.run(AbstractRemoteTestNG.java:115)
	at org.testng.remote.RemoteTestNG.initAndRun(RemoteTestNG.java:293)
	at org.testng.remote.RemoteTestNG.main(RemoteTestNG.java:91)
</div></td></tr></table><p class="totop"><a href="#summary">back to summary</a></p>
<h3 id="m2">com.javatpoint.parameters.Fruits#mango</h3><table class="result"><tr><th>Exception</th></tr><tr><td><div class="stacktrace">org.testng.TestNGException: 
Parameter &apos;mango&apos; is required by @Test on method mango but has not been marked @Optional or defined
in C:\Users\Johan Linda\AppData\Local\Temp\testng-eclipse--1693924006\testng-customsuite.xml
	at org.testng.internal.Parameters.createParams(Parameters.java:270)
	at org.testng.internal.Parameters.createParametersForMethod(Parameters.java:358)
	at org.testng.internal.Parameters.createParameters(Parameters.java:700)
	at org.testng.internal.Parameters.handleParameters(Parameters.java:884)
	at org.testng.internal.Parameters.handleParameters(Parameters.java:740)
	at org.testng.internal.ParameterHandler.handleParameters(ParameterHandler.java:59)
	at org.testng.internal.ParameterHandler.createParameters(ParameterHandler.java:38)
	at org.testng.internal.TestInvoker$MethodInvocationAgent.invoke(TestInvoker.java:791)
	at org.testng.internal.TestInvoker.invokeTestMethods(TestInvoker.java:146)
	at org.testng.internal.TestMethodWorker.invokeTestMethods(TestMethodWorker.java:146)
	at org.testng.internal.TestMethodWorker.run(TestMethodWorker.java:128)
	at java.base/java.util.ArrayList.forEach(ArrayList.java:1596)
	at org.testng.TestRunner.privateRun(TestRunner.java:794)
	at org.testng.TestRunner.run(TestRunner.java:596)
	at org.testng.SuiteRunner.runTest(SuiteRunner.java:377)
	at org.testng.SuiteRunner.runSequentially(SuiteRunner.java:371)
	at org.testng.SuiteRunner.privateRun(SuiteRunner.java:332)
	at org.testng.SuiteRunner.run(SuiteRunner.java:276)
	at org.testng.SuiteRunnerWorker.runSuite(SuiteRunnerWorker.java:53)
	at org.testng.SuiteRunnerWorker.run(SuiteRunnerWorker.java:96)
	at org.testng.TestNG.runSuitesSequentially(TestNG.java:1212)
	at org.testng.TestNG.runSuitesLocally(TestNG.java:1134)
	at org.testng.TestNG.runSuites(TestNG.java:1063)
	at org.testng.TestNG.run(TestNG.java:1031)
	at org.testng.remote.AbstractRemoteTestNG.run(AbstractRemoteTestNG.java:115)
	at org.testng.remote.RemoteTestNG.initAndRun(RemoteTestNG.java:293)
	at org.testng.remote.RemoteTestNG.main(RemoteTestNG.java:91)
</div></td></tr></table><p class="totop"><a href="#summary">back to summary</a></p>
<h3 id="m3">com.javatpoint.parameters.Fruits#orange</h3><table class="result"><tr><th>Exception</th></tr><tr><td><div class="stacktrace">org.testng.TestNGException: 
Parameter &apos;orange&apos; is required by @Test on method orange but has not been marked @Optional or defined
in C:\Users\Johan Linda\AppData\Local\Temp\testng-eclipse--1693924006\testng-customsuite.xml
	at org.testng.internal.Parameters.createParams(Parameters.java:270)
	at org.testng.internal.Parameters.createParametersForMethod(Parameters.java:358)
	at org.testng.internal.Parameters.createParameters(Parameters.java:700)
	at org.testng.internal.Parameters.handleParameters(Parameters.java:884)
	at org.testng.internal.Parameters.handleParameters(Parameters.java:740)
	at org.testng.internal.ParameterHandler.handleParameters(ParameterHandler.java:59)
	at org.testng.internal.ParameterHandler.createParameters(ParameterHandler.java:38)
	at org.testng.internal.TestInvoker$MethodInvocationAgent.invoke(TestInvoker.java:791)
	at org.testng.internal.TestInvoker.invokeTestMethods(TestInvoker.java:146)
	at org.testng.internal.TestMethodWorker.invokeTestMethods(TestMethodWorker.java:146)
	at org.testng.internal.TestMethodWorker.run(TestMethodWorker.java:128)
	at java.base/java.util.ArrayList.forEach(ArrayList.java:1596)
	at org.testng.TestRunner.privateRun(TestRunner.java:794)
	at org.testng.TestRunner.run(TestRunner.java:596)
	at org.testng.SuiteRunner.runTest(SuiteRunner.java:377)
	at org.testng.SuiteRunner.runSequentially(SuiteRunner.java:371)
	at org.testng.SuiteRunner.privateRun(SuiteRunner.java:332)
	at org.testng.SuiteRunner.run(SuiteRunner.java:276)
	at org.testng.SuiteRunnerWorker.runSuite(SuiteRunnerWorker.java:53)
	at org.testng.SuiteRunnerWorker.run(SuiteRunnerWorker.java:96)
	at org.testng.TestNG.runSuitesSequentially(TestNG.java:1212)
	at org.testng.TestNG.runSuitesLocally(TestNG.java:1134)
	at org.testng.TestNG.runSuites(TestNG.java:1063)
	at org.testng.TestNG.run(TestNG.java:1031)
	at org.testng.remote.AbstractRemoteTestNG.run(AbstractRemoteTestNG.java:115)
	at org.testng.remote.RemoteTestNG.initAndRun(RemoteTestNG.java:293)
	at org.testng.remote.RemoteTestNG.main(RemoteTestNG.java:91)
</div></td></tr></table><p class="totop"><a href="#summary">back to summary</a></p>
<h3 id="m4">com.javatpoint.parameters.Multiply#add</h3><table class="result"><tr><th>Exception</th></tr><tr><td><div class="stacktrace">org.testng.TestNGException: 
Parameter &apos;a&apos; is required by @Test on method add but has not been marked @Optional or defined
in C:\Users\Johan Linda\AppData\Local\Temp\testng-eclipse--1693924006\testng-customsuite.xml
	at org.testng.internal.Parameters.createParams(Parameters.java:270)
	at org.testng.internal.Parameters.createParametersForMethod(Parameters.java:358)
	at org.testng.internal.Parameters.createParameters(Parameters.java:700)
	at org.testng.internal.Parameters.handleParameters(Parameters.java:884)
	at org.testng.internal.Parameters.handleParameters(Parameters.java:740)
	at org.testng.internal.ParameterHandler.handleParameters(ParameterHandler.java:59)
	at org.testng.internal.ParameterHandler.createParameters(ParameterHandler.java:38)
	at org.testng.internal.TestInvoker$MethodInvocationAgent.invoke(TestInvoker.java:791)
	at org.testng.internal.TestInvoker.invokeTestMethods(TestInvoker.java:146)
	at org.testng.internal.TestMethodWorker.invokeTestMethods(TestMethodWorker.java:146)
	at org.testng.internal.TestMethodWorker.run(TestMethodWorker.java:128)
	at java.base/java.util.ArrayList.forEach(ArrayList.java:1596)
	at org.testng.TestRunner.privateRun(TestRunner.java:794)
	at org.testng.TestRunner.run(TestRunner.java:596)
	at org.testng.SuiteRunner.runTest(SuiteRunner.java:377)
	at org.testng.SuiteRunner.runSequentially(SuiteRunner.java:371)
	at org.testng.SuiteRunner.privateRun(SuiteRunner.java:332)
	at org.testng.SuiteRunner.run(SuiteRunner.java:276)
	at org.testng.SuiteRunnerWorker.runSuite(SuiteRunnerWorker.java:53)
	at org.testng.SuiteRunnerWorker.run(SuiteRunnerWorker.java:96)
	at org.testng.TestNG.runSuitesSequentially(TestNG.java:1212)
	at org.testng.TestNG.runSuitesLocally(TestNG.java:1134)
	at org.testng.TestNG.runSuites(TestNG.java:1063)
	at org.testng.TestNG.run(TestNG.java:1031)
	at org.testng.remote.AbstractRemoteTestNG.run(AbstractRemoteTestNG.java:115)
	at org.testng.remote.RemoteTestNG.initAndRun(RemoteTestNG.java:293)
	at org.testng.remote.RemoteTestNG.main(RemoteTestNG.java:91)
</div></td></tr></table><p class="totop"><a href="#summary">back to summary</a></p>
<h3 id="m5">com.javatpoint.parameters.Subtract#add</h3><table class="result"><tr><th>Exception</th></tr><tr><td><div class="stacktrace">org.testng.TestNGException: 
Parameter &apos;a&apos; is required by @Test on method add but has not been marked @Optional or defined
in C:\Users\Johan Linda\AppData\Local\Temp\testng-eclipse--1693924006\testng-customsuite.xml
	at org.testng.internal.Parameters.createParams(Parameters.java:270)
	at org.testng.internal.Parameters.createParametersForMethod(Parameters.java:358)
	at org.testng.internal.Parameters.createParameters(Parameters.java:700)
	at org.testng.internal.Parameters.handleParameters(Parameters.java:884)
	at org.testng.internal.Parameters.handleParameters(Parameters.java:740)
	at org.testng.internal.ParameterHandler.handleParameters(ParameterHandler.java:59)
	at org.testng.internal.ParameterHandler.createParameters(ParameterHandler.java:38)
	at org.testng.internal.TestInvoker$MethodInvocationAgent.invoke(TestInvoker.java:791)
	at org.testng.internal.TestInvoker.invokeTestMethods(TestInvoker.java:146)
	at org.testng.internal.TestMethodWorker.invokeTestMethods(TestMethodWorker.java:146)
	at org.testng.internal.TestMethodWorker.run(TestMethodWorker.java:128)
	at java.base/java.util.ArrayList.forEach(ArrayList.java:1596)
	at org.testng.TestRunner.privateRun(TestRunner.java:794)
	at org.testng.TestRunner.run(TestRunner.java:596)
	at org.testng.SuiteRunner.runTest(SuiteRunner.java:377)
	at org.testng.SuiteRunner.runSequentially(SuiteRunner.java:371)
	at org.testng.SuiteRunner.privateRun(SuiteRunner.java:332)
	at org.testng.SuiteRunner.run(SuiteRunner.java:276)
	at org.testng.SuiteRunnerWorker.runSuite(SuiteRunnerWorker.java:53)
	at org.testng.SuiteRunnerWorker.run(SuiteRunnerWorker.java:96)
	at org.testng.TestNG.runSuitesSequentially(TestNG.java:1212)
	at org.testng.TestNG.runSuitesLocally(TestNG.java:1134)
	at org.testng.TestNG.runSuites(TestNG.java:1063)
	at org.testng.TestNG.run(TestNG.java:1031)
	at org.testng.remote.AbstractRemoteTestNG.run(AbstractRemoteTestNG.java:115)
	at org.testng.remote.RemoteTestNG.initAndRun(RemoteTestNG.java:293)
	at org.testng.remote.RemoteTestNG.main(RemoteTestNG.java:91)
</div></td></tr></table><p class="totop"><a href="#summary">back to summary</a></p>
<h3 id="m6">com.javatpoint.parameters.Sum#add</h3><table class="result"><tr><th>Exception</th></tr><tr><td><div class="stacktrace">org.testng.TestNGException: 
Parameter &apos;a&apos; is required by @Test on method add but has not been marked @Optional or defined
in C:\Users\Johan Linda\AppData\Local\Temp\testng-eclipse--1693924006\testng-customsuite.xml
	at org.testng.internal.Parameters.createParams(Parameters.java:270)
	at org.testng.internal.Parameters.createParametersForMethod(Parameters.java:358)
	at org.testng.internal.Parameters.createParameters(Parameters.java:700)
	at org.testng.internal.Parameters.handleParameters(Parameters.java:884)
	at org.testng.internal.Parameters.handleParameters(Parameters.java:740)
	at org.testng.internal.ParameterHandler.handleParameters(ParameterHandler.java:59)
	at org.testng.internal.ParameterHandler.createParameters(ParameterHandler.java:38)
	at org.testng.internal.TestInvoker$MethodInvocationAgent.invoke(TestInvoker.java:791)
	at org.testng.internal.TestInvoker.invokeTestMethods(TestInvoker.java:146)
	at org.testng.internal.TestMethodWorker.invokeTestMethods(TestMethodWorker.java:146)
	at org.testng.internal.TestMethodWorker.run(TestMethodWorker.java:128)
	at java.base/java.util.ArrayList.forEach(ArrayList.java:1596)
	at org.testng.TestRunner.privateRun(TestRunner.java:794)
	at org.testng.TestRunner.run(TestRunner.java:596)
	at org.testng.SuiteRunner.runTest(SuiteRunner.java:377)
	at org.testng.SuiteRunner.runSequentially(SuiteRunner.java:371)
	at org.testng.SuiteRunner.privateRun(SuiteRunner.java:332)
	at org.testng.SuiteRunner.run(SuiteRunner.java:276)
	at org.testng.SuiteRunnerWorker.runSuite(SuiteRunnerWorker.java:53)
	at org.testng.SuiteRunnerWorker.run(SuiteRunnerWorker.java:96)
	at org.testng.TestNG.runSuitesSequentially(TestNG.java:1212)
	at org.testng.TestNG.runSuitesLocally(TestNG.java:1134)
	at org.testng.TestNG.runSuites(TestNG.java:1063)
	at org.testng.TestNG.run(TestNG.java:1031)
	at org.testng.remote.AbstractRemoteTestNG.run(AbstractRemoteTestNG.java:115)
	at org.testng.remote.RemoteTestNG.initAndRun(RemoteTestNG.java:293)
	at org.testng.remote.RemoteTestNG.main(RemoteTestNG.java:91)
</div></td></tr></table><p class="totop"><a href="#summary">back to summary</a></p>
<h3 id="m7">com.javatpoint.parameters.Vegetable#c</h3><table class="result"><tr><th>Exception</th></tr><tr><td><div class="stacktrace">org.testng.TestNGException: 
Parameter &apos;Cauliflower&apos; is required by @Test on method c but has not been marked @Optional or defined
in C:\Users\Johan Linda\AppData\Local\Temp\testng-eclipse--1693924006\testng-customsuite.xml
	at org.testng.internal.Parameters.createParams(Parameters.java:270)
	at org.testng.internal.Parameters.createParametersForMethod(Parameters.java:358)
	at org.testng.internal.Parameters.createParameters(Parameters.java:700)
	at org.testng.internal.Parameters.handleParameters(Parameters.java:884)
	at org.testng.internal.Parameters.handleParameters(Parameters.java:740)
	at org.testng.internal.ParameterHandler.handleParameters(ParameterHandler.java:59)
	at org.testng.internal.ParameterHandler.createParameters(ParameterHandler.java:38)
	at org.testng.internal.TestInvoker$MethodInvocationAgent.invoke(TestInvoker.java:791)
	at org.testng.internal.TestInvoker.invokeTestMethods(TestInvoker.java:146)
	at org.testng.internal.TestMethodWorker.invokeTestMethods(TestMethodWorker.java:146)
	at org.testng.internal.TestMethodWorker.run(TestMethodWorker.java:128)
	at java.base/java.util.ArrayList.forEach(ArrayList.java:1596)
	at org.testng.TestRunner.privateRun(TestRunner.java:794)
	at org.testng.TestRunner.run(TestRunner.java:596)
	at org.testng.SuiteRunner.runTest(SuiteRunner.java:377)
	at org.testng.SuiteRunner.runSequentially(SuiteRunner.java:371)
	at org.testng.SuiteRunner.privateRun(SuiteRunner.java:332)
	at org.testng.SuiteRunner.run(SuiteRunner.java:276)
	at org.testng.SuiteRunnerWorker.runSuite(SuiteRunnerWorker.java:53)
	at org.testng.SuiteRunnerWorker.run(SuiteRunnerWorker.java:96)
	at org.testng.TestNG.runSuitesSequentially(TestNG.java:1212)
	at org.testng.TestNG.runSuitesLocally(TestNG.java:1134)
	at org.testng.TestNG.runSuites(TestNG.java:1063)
	at org.testng.TestNG.run(TestNG.java:1031)
	at org.testng.remote.AbstractRemoteTestNG.run(AbstractRemoteTestNG.java:115)
	at org.testng.remote.RemoteTestNG.initAndRun(RemoteTestNG.java:293)
	at org.testng.remote.RemoteTestNG.main(RemoteTestNG.java:91)
</div></td></tr></table><p class="totop"><a href="#summary">back to summary</a></p>
<h3 id="m8">com.javatpoint.parameters.Vegetable#orange</h3><table class="result"><tr><th>Exception</th></tr><tr><td><div class="stacktrace">org.testng.TestNGException: 
Parameter &apos;Ladyfinger&apos; is required by @Test on method orange but has not been marked @Optional or defined
in C:\Users\Johan Linda\AppData\Local\Temp\testng-eclipse--1693924006\testng-customsuite.xml
	at org.testng.internal.Parameters.createParams(Parameters.java:270)
	at org.testng.internal.Parameters.createParametersForMethod(Parameters.java:358)
	at org.testng.internal.Parameters.createParameters(Parameters.java:700)
	at org.testng.internal.Parameters.handleParameters(Parameters.java:884)
	at org.testng.internal.Parameters.handleParameters(Parameters.java:740)
	at org.testng.internal.ParameterHandler.handleParameters(ParameterHandler.java:59)
	at org.testng.internal.ParameterHandler.createParameters(ParameterHandler.java:38)
	at org.testng.internal.TestInvoker$MethodInvocationAgent.invoke(TestInvoker.java:791)
	at org.testng.internal.TestInvoker.invokeTestMethods(TestInvoker.java:146)
	at org.testng.internal.TestMethodWorker.invokeTestMethods(TestMethodWorker.java:146)
	at org.testng.internal.TestMethodWorker.run(TestMethodWorker.java:128)
	at java.base/java.util.ArrayList.forEach(ArrayList.java:1596)
	at org.testng.TestRunner.privateRun(TestRunner.java:794)
	at org.testng.TestRunner.run(TestRunner.java:596)
	at org.testng.SuiteRunner.runTest(SuiteRunner.java:377)
	at org.testng.SuiteRunner.runSequentially(SuiteRunner.java:371)
	at org.testng.SuiteRunner.privateRun(SuiteRunner.java:332)
	at org.testng.SuiteRunner.run(SuiteRunner.java:276)
	at org.testng.SuiteRunnerWorker.runSuite(SuiteRunnerWorker.java:53)
	at org.testng.SuiteRunnerWorker.run(SuiteRunnerWorker.java:96)
	at org.testng.TestNG.runSuitesSequentially(TestNG.java:1212)
	at org.testng.TestNG.runSuitesLocally(TestNG.java:1134)
	at org.testng.TestNG.runSuites(TestNG.java:1063)
	at org.testng.TestNG.run(TestNG.java:1031)
	at org.testng.remote.AbstractRemoteTestNG.run(AbstractRemoteTestNG.java:115)
	at org.testng.remote.RemoteTestNG.initAndRun(RemoteTestNG.java:293)
	at org.testng.remote.RemoteTestNG.main(RemoteTestNG.java:91)
</div></td></tr></table><p class="totop"><a href="#summary">back to summary</a></p>
<h3 id="m9">com.toolsqa.GroupExample#checkTitle</h3><table class="result"><tr><th>Exception</th></tr><tr><td><div class="stacktrace">java.lang.NullPointerException: Cannot invoke &quot;org.openqa.selenium.WebDriver.getTitle()&quot; because &quot;this.driver&quot; is null
	at com.toolsqa.GroupExample.checkTitle(GroupExample.java:32)
	at java.base/jdk.internal.reflect.DirectMethodHandleAccessor.invoke(DirectMethodHandleAccessor.java:103)
	at java.base/java.lang.reflect.Method.invoke(Method.java:580)
	at org.testng.internal.MethodInvocationHelper.invokeMethod(MethodInvocationHelper.java:133)
	at org.testng.internal.TestInvoker.invokeMethod(TestInvoker.java:598)
	at org.testng.internal.TestInvoker.invokeTestMethod(TestInvoker.java:173)
	at org.testng.internal.MethodRunner.runInSequence(MethodRunner.java:46)
	at org.testng.internal.TestInvoker$MethodInvocationAgent.invoke(TestInvoker.java:824)
	at org.testng.internal.TestInvoker.invokeTestMethods(TestInvoker.java:146)
	at org.testng.internal.TestMethodWorker.invokeTestMethods(TestMethodWorker.java:146)
	at org.testng.internal.TestMethodWorker.run(TestMethodWorker.java:128)
	at java.base/java.util.ArrayList.forEach(ArrayList.java:1596)
	at org.testng.TestRunner.privateRun(TestRunner.java:794)
	at org.testng.TestRunner.run(TestRunner.java:596)
	at org.testng.SuiteRunner.runTest(SuiteRunner.java:377)
	at org.testng.SuiteRunner.runSequentially(SuiteRunner.java:371)
	at org.testng.SuiteRunner.privateRun(SuiteRunner.java:332)
	at org.testng.SuiteRunner.run(SuiteRunner.java:276)
	at org.testng.SuiteRunnerWorker.runSuite(SuiteRunnerWorker.java:53)
	at org.testng.SuiteRunnerWorker.run(SuiteRunnerWorker.java:96)
	at org.testng.TestNG.runSuitesSequentially(TestNG.java:1212)
	at org.testng.TestNG.runSuitesLocally(TestNG.java:1134)
	at org.testng.TestNG.runSuites(TestNG.java:1063)
	at org.testng.TestNG.run(TestNG.java:1031)
	at org.testng.remote.AbstractRemoteTestNG.run(AbstractRemoteTestNG.java:115)
	at org.testng.remote.RemoteTestNG.initAndRun(RemoteTestNG.java:293)
	at org.testng.remote.RemoteTestNG.main(RemoteTestNG.java:91)
</div></td></tr></table><p class="totop"><a href="#summary">back to summary</a></p>
<h3 id="m10">com.toolsqa.GroupExample#click_element</h3><table class="result"><tr><th>Exception</th></tr><tr><td><div class="stacktrace">java.lang.NullPointerException: Cannot invoke &quot;org.openqa.selenium.WebDriver.findElement(org.openqa.selenium.By)&quot; because &quot;this.driver&quot; is null
	at com.toolsqa.GroupExample.click_element(GroupExample.java:38)
	at java.base/jdk.internal.reflect.DirectMethodHandleAccessor.invoke(DirectMethodHandleAccessor.java:103)
	at java.base/java.lang.reflect.Method.invoke(Method.java:580)
	at org.testng.internal.MethodInvocationHelper.invokeMethod(MethodInvocationHelper.java:133)
	at org.testng.internal.TestInvoker.invokeMethod(TestInvoker.java:598)
	at org.testng.internal.TestInvoker.invokeTestMethod(TestInvoker.java:173)
	at org.testng.internal.MethodRunner.runInSequence(MethodRunner.java:46)
	at org.testng.internal.TestInvoker$MethodInvocationAgent.invoke(TestInvoker.java:824)
	at org.testng.internal.TestInvoker.invokeTestMethods(TestInvoker.java:146)
	at org.testng.internal.TestMethodWorker.invokeTestMethods(TestMethodWorker.java:146)
	at org.testng.internal.TestMethodWorker.run(TestMethodWorker.java:128)
	at java.base/java.util.ArrayList.forEach(ArrayList.java:1596)
	at org.testng.TestRunner.privateRun(TestRunner.java:794)
	at org.testng.TestRunner.run(TestRunner.java:596)
	at org.testng.SuiteRunner.runTest(SuiteRunner.java:377)
	at org.testng.SuiteRunner.runSequentially(SuiteRunner.java:371)
	at org.testng.SuiteRunner.privateRun(SuiteRunner.java:332)
	at org.testng.SuiteRunner.run(SuiteRunner.java:276)
	at org.testng.SuiteRunnerWorker.runSuite(SuiteRunnerWorker.java:53)
	at org.testng.SuiteRunnerWorker.run(SuiteRunnerWorker.java:96)
	at org.testng.TestNG.runSuitesSequentially(TestNG.java:1212)
	at org.testng.TestNG.runSuitesLocally(TestNG.java:1134)
	at org.testng.TestNG.runSuites(TestNG.java:1063)
	at org.testng.TestNG.run(TestNG.java:1031)
	at org.testng.remote.AbstractRemoteTestNG.run(AbstractRemoteTestNG.java:115)
	at org.testng.remote.RemoteTestNG.initAndRun(RemoteTestNG.java:293)
	at org.testng.remote.RemoteTestNG.main(RemoteTestNG.java:91)
</div></td></tr></table><p class="totop"><a href="#summary">back to summary</a></p>
<h3 id="m11">com.toolsqa.HardSoftAssertsExample#OpenBrowser1</h3><table class="result"><tr><th>Messages</th></tr><tr><td><div class="messages">This test verifies the current selenium compatibility with TestNG by launching the chrome driver<br/>Launching Google Chrome Driver version 81 for this test<br/>The website used was DemoQA for this test(Hard Asserts)</div></td></tr><tr><th>Exception</th></tr><tr><td><div class="stacktrace">java.lang.AssertionError: First Test Failed then Stopped expected [DEMOQAX] but found [DEMOQA]
	at org.testng.Assert.fail(Assert.java:99)
	at org.testng.Assert.failNotEquals(Assert.java:1037)
	at org.testng.Assert.assertEqualsImpl(Assert.java:140)
	at org.testng.Assert.assertEquals(Assert.java:122)
	at org.testng.Assert.assertEquals(Assert.java:629)
	at com.toolsqa.HardSoftAssertsExample.OpenBrowser1(HardSoftAssertsExample.java:51)
	at java.base/jdk.internal.reflect.DirectMethodHandleAccessor.invoke(DirectMethodHandleAccessor.java:103)
	at java.base/java.lang.reflect.Method.invoke(Method.java:580)
	at org.testng.internal.MethodInvocationHelper.invokeMethod(MethodInvocationHelper.java:133)
	at org.testng.internal.TestInvoker.invokeMethod(TestInvoker.java:598)
	at org.testng.internal.TestInvoker.invokeTestMethod(TestInvoker.java:173)
	at org.testng.internal.MethodRunner.runInSequence(MethodRunner.java:46)
	at org.testng.internal.TestInvoker$MethodInvocationAgent.invoke(TestInvoker.java:824)
	at org.testng.internal.TestInvoker.invokeTestMethods(TestInvoker.java:146)
	at org.testng.internal.TestMethodWorker.invokeTestMethods(TestMethodWorker.java:146)
	at org.testng.internal.TestMethodWorker.run(TestMethodWorker.java:128)
	at java.base/java.util.ArrayList.forEach(ArrayList.java:1596)
	at org.testng.TestRunner.privateRun(TestRunner.java:794)
	at org.testng.TestRunner.run(TestRunner.java:596)
	at org.testng.SuiteRunner.runTest(SuiteRunner.java:377)
	at org.testng.SuiteRunner.runSequentially(SuiteRunner.java:371)
	at org.testng.SuiteRunner.privateRun(SuiteRunner.java:332)
	at org.testng.SuiteRunner.run(SuiteRunner.java:276)
	at org.testng.SuiteRunnerWorker.runSuite(SuiteRunnerWorker.java:53)
	at org.testng.SuiteRunnerWorker.run(SuiteRunnerWorker.java:96)
	at org.testng.TestNG.runSuitesSequentially(TestNG.java:1212)
	at org.testng.TestNG.runSuitesLocally(TestNG.java:1134)
	at org.testng.TestNG.runSuites(TestNG.java:1063)
	at org.testng.TestNG.run(TestNG.java:1031)
	at org.testng.remote.AbstractRemoteTestNG.run(AbstractRemoteTestNG.java:115)
	at org.testng.remote.RemoteTestNG.initAndRun(RemoteTestNG.java:293)
	at org.testng.remote.RemoteTestNG.main(RemoteTestNG.java:91)
</div></td></tr></table><p class="totop"><a href="#summary">back to summary</a></p>
<h3 id="m12">com.toolsqa.HardSoftAssertsExample#OpenBrowser2</h3><table class="result"><tr><th>Messages</th></tr><tr><td><div class="messages">This test verifies the current selenium compatibility with TestNG by launching the chrome driver<br/>Launching Google Chrome Driver version 81 for this test<br/>The website used was DemoQA for this test(soft Asserts)</div></td></tr><tr><th>Exception</th></tr><tr><td><div class="stacktrace">java.lang.AssertionError: The following asserts failed:
	First Test expected [DEMOQAX] but found [DEMOQA],
	Second Test expected [DEMOQAX] but found [DEMOQA],
	Third Test expected [DEMOQAX] but found [DEMOQA]
	at org.testng.asserts.SoftAssert.assertAll(SoftAssert.java:47)
	at org.testng.asserts.SoftAssert.assertAll(SoftAssert.java:31)
	at com.toolsqa.HardSoftAssertsExample.OpenBrowser2(HardSoftAssertsExample.java:90)
	at java.base/jdk.internal.reflect.DirectMethodHandleAccessor.invoke(DirectMethodHandleAccessor.java:103)
	at java.base/java.lang.reflect.Method.invoke(Method.java:580)
	at org.testng.internal.MethodInvocationHelper.invokeMethod(MethodInvocationHelper.java:133)
	at org.testng.internal.TestInvoker.invokeMethod(TestInvoker.java:598)
	at org.testng.internal.TestInvoker.invokeTestMethod(TestInvoker.java:173)
	at org.testng.internal.MethodRunner.runInSequence(MethodRunner.java:46)
	at org.testng.internal.TestInvoker$MethodInvocationAgent.invoke(TestInvoker.java:824)
	at org.testng.internal.TestInvoker.invokeTestMethods(TestInvoker.java:146)
	at org.testng.internal.TestMethodWorker.invokeTestMethods(TestMethodWorker.java:146)
	at org.testng.internal.TestMethodWorker.run(TestMethodWorker.java:128)
	at java.base/java.util.ArrayList.forEach(ArrayList.java:1596)
	at org.testng.TestRunner.privateRun(TestRunner.java:794)
	at org.testng.TestRunner.run(TestRunner.java:596)
	at org.testng.SuiteRunner.runTest(SuiteRunner.java:377)
	at org.testng.SuiteRunner.runSequentially(SuiteRunner.java:371)
	at org.testng.SuiteRunner.privateRun(SuiteRunner.java:332)
	at org.testng.SuiteRunner.run(SuiteRunner.java:276)
	at org.testng.SuiteRunnerWorker.runSuite(SuiteRunnerWorker.java:53)
	at org.testng.SuiteRunnerWorker.run(SuiteRunnerWorker.java:96)
	at org.testng.TestNG.runSuitesSequentially(TestNG.java:1212)
	at org.testng.TestNG.runSuitesLocally(TestNG.java:1134)
	at org.testng.TestNG.runSuites(TestNG.java:1063)
	at org.testng.TestNG.run(TestNG.java:1031)
	at org.testng.remote.AbstractRemoteTestNG.run(AbstractRemoteTestNG.java:115)
	at org.testng.remote.RemoteTestNG.initAndRun(RemoteTestNG.java:293)
	at org.testng.remote.RemoteTestNG.main(RemoteTestNG.java:91)
</div></td></tr></table><p class="totop"><a href="#summary">back to summary</a></p>
<h3 id="m13">com.toolsqa.TestNGAssertions#OpenBrowser</h3><table class="result"><tr><th>Messages</th></tr><tr><td><div class="messages">This test verifies the current selenium compatibility with TestNG by launching the chrome driver<br/>Launching Google Chrome Driver version 81 for this test<br/>The website used was demoqa for this test</div></td></tr><tr><th>Exception</th></tr><tr><td><div class="stacktrace">java.lang.AssertionError: expected [Free QA Automation Tools For Everyone] but found [DEMOQA]
	at org.testng.Assert.fail(Assert.java:99)
	at org.testng.Assert.failNotEquals(Assert.java:1037)
	at org.testng.Assert.assertEqualsImpl(Assert.java:140)
	at org.testng.Assert.assertEquals(Assert.java:122)
	at org.testng.Assert.assertEquals(Assert.java:629)
	at org.testng.Assert.assertEquals(Assert.java:639)
	at com.toolsqa.TestNGAssertions.OpenBrowser(TestNGAssertions.java:28)
	at java.base/jdk.internal.reflect.DirectMethodHandleAccessor.invoke(DirectMethodHandleAccessor.java:103)
	at java.base/java.lang.reflect.Method.invoke(Method.java:580)
	at org.testng.internal.MethodInvocationHelper.invokeMethod(MethodInvocationHelper.java:133)
	at org.testng.internal.TestInvoker.invokeMethod(TestInvoker.java:598)
	at org.testng.internal.TestInvoker.invokeTestMethod(TestInvoker.java:173)
	at org.testng.internal.MethodRunner.runInSequence(MethodRunner.java:46)
	at org.testng.internal.TestInvoker$MethodInvocationAgent.invoke(TestInvoker.java:824)
	at org.testng.internal.TestInvoker.invokeTestMethods(TestInvoker.java:146)
	at org.testng.internal.TestMethodWorker.invokeTestMethods(TestMethodWorker.java:146)
	at org.testng.internal.TestMethodWorker.run(TestMethodWorker.java:128)
	at java.base/java.util.ArrayList.forEach(ArrayList.java:1596)
	at org.testng.TestRunner.privateRun(TestRunner.java:794)
	at org.testng.TestRunner.run(TestRunner.java:596)
	at org.testng.SuiteRunner.runTest(SuiteRunner.java:377)
	at org.testng.SuiteRunner.runSequentially(SuiteRunner.java:371)
	at org.testng.SuiteRunner.privateRun(SuiteRunner.java:332)
	at org.testng.SuiteRunner.run(SuiteRunner.java:276)
	at org.testng.SuiteRunnerWorker.runSuite(SuiteRunnerWorker.java:53)
	at org.testng.SuiteRunnerWorker.run(SuiteRunnerWorker.java:96)
	at org.testng.TestNG.runSuitesSequentially(TestNG.java:1212)
	at org.testng.TestNG.runSuitesLocally(TestNG.java:1134)
	at org.testng.TestNG.runSuites(TestNG.java:1063)
	at org.testng.TestNG.run(TestNG.java:1031)
	at org.testng.remote.AbstractRemoteTestNG.run(AbstractRemoteTestNG.java:115)
	at org.testng.remote.RemoteTestNG.initAndRun(RemoteTestNG.java:293)
	at org.testng.remote.RemoteTestNG.main(RemoteTestNG.java:91)
</div></td></tr></table><p class="totop"><a href="#summary">back to summary</a></p>
<h3 id="m14">com.toolsqa.MultiBrowser#afterTest</h3><table class="result"><tr><th class="invisible"/></tr></table><p class="totop"><a href="#summary">back to summary</a></p>
<h3 id="m15">com.toolsqa.MultiBrowser#login</h3><table class="result"><tr><th>Exception</th></tr><tr><td><div class="stacktrace">org.testng.TestNGException: 
Parameter &apos;browser&apos; is required by BeforeClass on method beforeTest but has not been marked @Optional or defined
in C:\Users\Johan Linda\AppData\Local\Temp\testng-eclipse--1693924006\testng-customsuite.xml
	at org.testng.internal.Parameters.createParams(Parameters.java:270)
	at org.testng.internal.Parameters.createParametersForMethod(Parameters.java:358)
	at org.testng.internal.Parameters.createParameters(Parameters.java:700)
	at org.testng.internal.Parameters.createConfigurationParameters(Parameters.java:168)
	at org.testng.internal.ConfigInvoker.invokeConfigurations(ConfigInvoker.java:302)
	at org.testng.internal.TestMethodWorker.invokeBeforeClassMethods(TestMethodWorker.java:176)
	at org.testng.internal.TestMethodWorker.run(TestMethodWorker.java:122)
	at java.base/java.util.ArrayList.forEach(ArrayList.java:1596)
	at org.testng.TestRunner.privateRun(TestRunner.java:794)
	at org.testng.TestRunner.run(TestRunner.java:596)
	at org.testng.SuiteRunner.runTest(SuiteRunner.java:377)
	at org.testng.SuiteRunner.runSequentially(SuiteRunner.java:371)
	at org.testng.SuiteRunner.privateRun(SuiteRunner.java:332)
	at org.testng.SuiteRunner.run(SuiteRunner.java:276)
	at org.testng.SuiteRunnerWorker.runSuite(SuiteRunnerWorker.java:53)
	at org.testng.SuiteRunnerWorker.run(SuiteRunnerWorker.java:96)
	at org.testng.TestNG.runSuitesSequentially(TestNG.java:1212)
	at org.testng.TestNG.runSuitesLocally(TestNG.java:1134)
	at org.testng.TestNG.runSuites(TestNG.java:1063)
	at org.testng.TestNG.run(TestNG.java:1031)
	at org.testng.remote.AbstractRemoteTestNG.run(AbstractRemoteTestNG.java:115)
	at org.testng.remote.RemoteTestNG.initAndRun(RemoteTestNG.java:293)
	at org.testng.remote.RemoteTestNG.main(RemoteTestNG.java:91)
</div></td></tr></table><p class="totop"><a href="#summary">back to summary</a></p>
<h3 id="m16">com.javatpoint.Listener.Testcases#testtofail</h3><table class="result"><tr><th class="invisible"/></tr></table><p class="totop"><a href="#summary">back to summary</a></p>
<h3 id="m17">com.javatpoint.Listener.Testcases#testtopass</h3><table class="result"><tr><th class="invisible"/></tr></table><p class="totop"><a href="#summary">back to summary</a></p>
<h3 id="m18">com.javatpoint.afterClass.Class1#testcase1</h3><table class="result"><tr><th class="invisible"/></tr></table><p class="totop"><a href="#summary">back to summary</a></p>
<h3 id="m19">com.javatpoint.afterClass.Class1#testcase2</h3><table class="result"><tr><th class="invisible"/></tr></table><p class="totop"><a href="#summary">back to summary</a></p>
<h3 id="m20">com.javatpoint.afterClass.Class1#testcase3</h3><table class="result"><tr><th class="invisible"/></tr></table><p class="totop"><a href="#summary">back to summary</a></p>
<h3 id="m21">com.javatpoint.afterClass.Class2#testcase1</h3><table class="result"><tr><th class="invisible"/></tr></table><p class="totop"><a href="#summary">back to summary</a></p>
<h3 id="m22">com.javatpoint.afterClass.Class2#testcase2</h3><table class="result"><tr><th class="invisible"/></tr></table><p class="totop"><a href="#summary">back to summary</a></p>
<h3 id="m23">com.javatpoint.afterClass.Class2#testcase3</h3><table class="result"><tr><th class="invisible"/></tr></table><p class="totop"><a href="#summary">back to summary</a></p>
<h3 id="m24">com.javatpoint.afterClass.Class2#testcase4</h3><table class="result"><tr><th class="invisible"/></tr></table><p class="totop"><a href="#summary">back to summary</a></p>
<h3 id="m25">com.javatpoint.afterGroups.After_groups#testcase1</h3><table class="result"><tr><th class="invisible"/></tr></table><p class="totop"><a href="#summary">back to summary</a></p>
<h3 id="m26">com.javatpoint.afterGroups.After_groups#testcase2</h3><table class="result"><tr><th class="invisible"/></tr></table><p class="totop"><a href="#summary">back to summary</a></p>
<h3 id="m27">com.javatpoint.afterGroups.After_groups#testcase3</h3><table class="result"><tr><th class="invisible"/></tr></table><p class="totop"><a href="#summary">back to summary</a></p>
<h3 id="m28">com.javatpoint.afterMethod.After_Methods#c_programmers</h3><table class="result"><tr><th class="invisible"/></tr></table><p class="totop"><a href="#summary">back to summary</a></p>
<h3 id="m29">com.javatpoint.afterMethod.After_Methods#dotnet_developer</h3><table class="result"><tr><th class="invisible"/></tr></table><p class="totop"><a href="#summary">back to summary</a></p>
<h3 id="m30">com.javatpoint.afterMethod.After_Methods#java_programmers</h3><table class="result"><tr><th class="invisible"/></tr></table><p class="totop"><a href="#summary">back to summary</a></p>
<h3 id="m31">com.javatpoint.afterSuite.Module1#a_test</h3><table class="result"><tr><th class="invisible"/></tr></table><p class="totop"><a href="#summary">back to summary</a></p>
<h3 id="m32">com.javatpoint.afterSuite.Module1#b_test</h3><table class="result"><tr><th class="invisible"/></tr></table><p class="totop"><a href="#summary">back to summary</a></p>
<h3 id="m33">com.javatpoint.afterSuite.Module2#c_test</h3><table class="result"><tr><th class="invisible"/></tr></table><p class="totop"><a href="#summary">back to summary</a></p>
<h3 id="m34">com.javatpoint.afterTest.Fixed_deposit#fixed_deposit</h3><table class="result"><tr><th class="invisible"/></tr></table><p class="totop"><a href="#summary">back to summary</a></p>
<h3 id="m35">com.javatpoint.afterTest.Fixed_deposit#roi</h3><table class="result"><tr><th class="invisible"/></tr></table><p class="totop"><a href="#summary">back to summary</a></p>
<h3 id="m36">com.javatpoint.afterTest.Recurring_deposit#recurring_deposit</h3><table class="result"><tr><th class="invisible"/></tr></table><p class="totop"><a href="#summary">back to summary</a></p>
<h3 id="m37">com.javatpoint.annotations.Depend_On_Methods#APIStudentLogin</h3><table class="result"><tr><th class="invisible"/></tr></table><p class="totop"><a href="#summary">back to summary</a></p>
<h3 id="m38">com.javatpoint.annotations.Depend_On_Methods#MobileStudentLogin</h3><table class="result"><tr><th class="invisible"/></tr></table><p class="totop"><a href="#summary">back to summary</a></p>
<h3 id="m39">com.javatpoint.annotations.Depend_On_Methods#WebStudentLogin</h3><table class="result"><tr><th class="invisible"/></tr></table><p class="totop"><a href="#summary">back to summary</a></p>
<h3 id="m40">com.javatpoint.annotations.Descriptions#testcase1</h3><table class="result"><tr><th class="invisible"/></tr></table><p class="totop"><a href="#summary">back to summary</a></p>
<h3 id="m41">com.javatpoint.annotations.Descriptions#testcase2</h3><table class="result"><tr><th class="invisible"/></tr></table><p class="totop"><a href="#summary">back to summary</a></p>
<h3 id="m42">com.javatpoint.annotations.Descriptions#testcase3</h3><table class="result"><tr><th class="invisible"/></tr></table><p class="totop"><a href="#summary">back to summary</a></p>
<h3 id="m43">com.javatpoint.annotations.Enabled#c_language</h3><table class="result"><tr><th class="invisible"/></tr></table><p class="totop"><a href="#summary">back to summary</a></p>
<h3 id="m44">com.javatpoint.annotations.Enabled#java</h3><table class="result"><tr><th class="invisible"/></tr></table><p class="totop"><a href="#summary">back to summary</a></p>
<h3 id="m45">com.javatpoint.annotations.Groups#infosys</h3><table class="result"><tr><th class="invisible"/></tr></table><p class="totop"><a href="#summary">back to summary</a></p>
<h3 id="m46">com.javatpoint.annotations.Groups#technip</h3><table class="result"><tr><th class="invisible"/></tr></table><p class="totop"><a href="#summary">back to summary</a></p>
<h3 id="m47">com.javatpoint.annotations.Groups#wipro</h3><table class="result"><tr><th class="invisible"/></tr></table><p class="totop"><a href="#summary">back to summary</a></p>
<h3 id="m48">com.javatpoint.annotations.Priority#apple</h3><table class="result"><tr><th class="invisible"/></tr></table><p class="totop"><a href="#summary">back to summary</a></p>
<h3 id="m49">com.javatpoint.annotations.Priority#mango</h3><table class="result"><tr><th class="invisible"/></tr></table><p class="totop"><a href="#summary">back to summary</a></p>
<h3 id="m50">com.javatpoint.annotations.Priority#watermelon</h3><table class="result"><tr><th class="invisible"/></tr></table><p class="totop"><a href="#summary">back to summary</a></p>
<h3 id="m51">com.javatpoint.annotations.Time_out#testcase2</h3><table class="result"><tr><th class="invisible"/></tr></table><p class="totop"><a href="#summary">back to summary</a></p>
<h3 id="m52">com.javatpoint.annotations.Time_out#testcase3</h3><table class="result"><tr><th class="invisible"/></tr></table><p class="totop"><a href="#summary">back to summary</a></p>
<h3 id="m53">com.javatpoint.beforeClass.Class1#testcase1</h3><table class="result"><tr><th class="invisible"/></tr></table><p class="totop"><a href="#summary">back to summary</a></p>
<h3 id="m54">com.javatpoint.beforeClass.Class1#testcase2</h3><table class="result"><tr><th class="invisible"/></tr></table><p class="totop"><a href="#summary">back to summary</a></p>
<h3 id="m55">com.javatpoint.beforeClass.Class2#testcase3</h3><table class="result"><tr><th class="invisible"/></tr></table><p class="totop"><a href="#summary">back to summary</a></p>
<h3 id="m56">com.javatpoint.beforeClass.Class2#testcase4</h3><table class="result"><tr><th class="invisible"/></tr></table><p class="totop"><a href="#summary">back to summary</a></p>
<h3 id="m57">com.javatpoint.beforeGroups.Class1#testcase1</h3><table class="result"><tr><th class="invisible"/></tr></table><p class="totop"><a href="#summary">back to summary</a></p>
<h3 id="m58">com.javatpoint.beforeGroups.Class1#testcase2</h3><table class="result"><tr><th class="invisible"/></tr></table><p class="totop"><a href="#summary">back to summary</a></p>
<h3 id="m59">com.javatpoint.beforeGroups.Class1#testcase3</h3><table class="result"><tr><th class="invisible"/></tr></table><p class="totop"><a href="#summary">back to summary</a></p>
<h3 id="m60">com.javatpoint.beforeMethod.Before_Methods#difference</h3><table class="result"><tr><th class="invisible"/></tr></table><p class="totop"><a href="#summary">back to summary</a></p>
<h3 id="m61">com.javatpoint.beforeMethod.Before_Methods#sum</h3><table class="result"><tr><th class="invisible"/></tr></table><p class="totop"><a href="#summary">back to summary</a></p>
<h3 id="m62">com.javatpoint.beforeSuite.Car_loan#car_loan</h3><table class="result"><tr><th class="invisible"/></tr></table><p class="totop"><a href="#summary">back to summary</a></p>
<h3 id="m63">com.javatpoint.beforeSuite.Home_loan#home_loan</h3><table class="result"><tr><th class="invisible"/></tr></table><p class="totop"><a href="#summary">back to summary</a></p>
<h3 id="m64">com.javatpoint.beforeSuite.Personal_loan#personal_loan</h3><table class="result"><tr><th class="invisible"/></tr></table><p class="totop"><a href="#summary">back to summary</a></p>
<h3 id="m65">com.javatpoint.beforeTest.hr_department#counsellor</h3><table class="result"><tr><th class="invisible"/></tr></table><p class="totop"><a href="#summary">back to summary</a></p>
<h3 id="m66">com.javatpoint.beforeTest.hr_department#hr</h3><table class="result"><tr><th class="invisible"/></tr></table><p class="totop"><a href="#summary">back to summary</a></p>
<h3 id="m67">com.javatpoint.beforeTest.hr_department#manager</h3><table class="result"><tr><th class="invisible"/></tr></table><p class="totop"><a href="#summary">back to summary</a></p>
<h3 id="m68">com.javatpoint.beforeTest.it_department#qa_analyst</h3><table class="result"><tr><th class="invisible"/></tr></table><p class="totop"><a href="#summary">back to summary</a></p>
<h3 id="m69">com.javatpoint.beforeTest.it_department#software_developers</h3><table class="result"><tr><th class="invisible"/></tr></table><p class="totop"><a href="#summary">back to summary</a></p>
<h3 id="m70">com.javatpoint.beforeTest.it_department#software_testers</h3><table class="result"><tr><th class="invisible"/></tr></table><p class="totop"><a href="#summary">back to summary</a></p>
<h3 id="m71">com.toolsqa.DataProviderExample#myTest</h3><table class="result"><tr class="param"><th>Parameter #1</th></tr><tr class="param stripe"><td>First-Value</td></tr></table><p class="totop"><a href="#summary">back to summary</a></p>
<h3 id="m72">com.toolsqa.DataProviderExample#myTest</h3><table class="result"><tr class="param"><th>Parameter #1</th></tr><tr class="param stripe"><td>Second-Value</td></tr></table><p class="totop"><a href="#summary">back to summary</a></p>
<h3 id="m73">com.toolsqa.GetBrowserTitle#f</h3><table class="result"><tr><th class="invisible"/></tr></table><p class="totop"><a href="#summary">back to summary</a></p>
<h3 id="m74">com.toolsqa.GroupDependentTestMethods#LogIn</h3><table class="result"><tr><th class="invisible"/></tr></table><p class="totop"><a href="#summary">back to summary</a></p>
<h3 id="m75">com.toolsqa.GroupDependentTestMethods#OpenBrowser</h3><table class="result"><tr><th class="invisible"/></tr></table><p class="totop"><a href="#summary">back to summary</a></p>
<h3 id="m76">com.toolsqa.GroupDependentTestMethods#ViewAcc</h3><table class="result"><tr><th class="invisible"/></tr></table><p class="totop"><a href="#summary">back to summary</a></p>
<h3 id="m77">com.toolsqa.GroupExample#starting_point</h3><table class="result"><tr><th class="invisible"/></tr></table><p class="totop"><a href="#summary">back to summary</a></p>
<h3 id="m78">com.toolsqa.HardSoftAssertsExample#CloseBrowser</h3><table class="result"><tr><th>Messages</th></tr><tr><td><div class="messages">Driver Closed After Testing</div></td></tr></table><p class="totop"><a href="#summary">back to summary</a></p>
<h3 id="m79">com.toolsqa.MultipleDependentTestMethods#LogOut</h3><table class="result"><tr><th class="invisible"/></tr></table><p class="totop"><a href="#summary">back to summary</a></p>
<h3 id="m80">com.toolsqa.MultipleDependentTestMethods#OpenBrowser</h3><table class="result"><tr><th class="invisible"/></tr></table><p class="totop"><a href="#summary">back to summary</a></p>
<h3 id="m81">com.toolsqa.MultipleDependentTestMethods#SignIn</h3><table class="result"><tr><th class="invisible"/></tr></table><p class="totop"><a href="#summary">back to summary</a></p>
<h3 id="m82">com.toolsqa.SingleDependentTestMethods#LogOut</h3><table class="result"><tr><th class="invisible"/></tr></table><p class="totop"><a href="#summary">back to summary</a></p>
<h3 id="m83">com.toolsqa.SingleDependentTestMethods#OpenBrowser</h3><table class="result"><tr><th class="invisible"/></tr></table><p class="totop"><a href="#summary">back to summary</a></p>
<h3 id="m84">com.toolsqa.SingleDependentTestMethods#SignIn</h3><table class="result"><tr><th class="invisible"/></tr></table><p class="totop"><a href="#summary">back to summary</a></p>
<h3 id="m85">com.toolsqa.TestNGAssertions#CloseBrowser</h3><table class="result"><tr><th>Messages</th></tr><tr><td><div class="messages">Driver Closed After Testing</div></td></tr></table><p class="totop"><a href="#summary">back to summary</a></p>
<h3 id="m86">sequenceTestNG#runningTest1</h3><table class="result"><tr><th class="invisible"/></tr></table><p class="totop"><a href="#summary">back to summary</a></p>
<h3 id="m87">sequenceTestNG#runningTest2</h3><table class="result"><tr><th class="invisible"/></tr></table><p class="totop"><a href="#summary">back to summary</a></p>
</body>
</html>
