<?xml version="1.0" encoding="UTF-8"?>
<!-- Generated by org.testng.reporters.JUnitReportReporter -->
<testsuite hostname="DESKTOP-RLLAE9J" failures="2" tests="4" name="com.toolsqa.HardSoftAssertsExample" time="33.635" errors="0" timestamp="2024-09-08T01:44:03 WIB" skipped="1">
  <testcase classname="com.toolsqa.HardSoftAssertsExample" name="OpenBrowser1" time="31.755">
    <failure message="First Test Failed then Stopped expected [DEMOQAX] but found [DEMOQA]" type="java.lang.AssertionError">
      <![CDATA[java.lang.AssertionError: First Test Failed then Stopped expected [DEMOQAX] but found [DEMOQA]
at org.testng.Assert.fail(Assert.java:99)
at org.testng.Assert.failNotEquals(Assert.java:1037)
at org.testng.Assert.assertEqualsImpl(Assert.java:140)
at org.testng.Assert.assertEquals(Assert.java:122)
at org.testng.Assert.assertEquals(Assert.java:629)
at com.toolsqa.HardSoftAssertsExample.OpenBrowser1(HardSoftAssertsExample.java:51)
at java.base/jdk.internal.reflect.DirectMethodHandleAccessor.invoke(DirectMethodHandleAccessor.java:103)
at java.base/java.lang.reflect.Method.invoke(Method.java:580)
at org.testng.internal.MethodInvocationHelper.invokeMethod(MethodInvocationHelper.java:133)
at org.testng.internal.TestInvoker.invokeMethod(TestInvoker.java:598)
at org.testng.internal.TestInvoker.invokeTestMethod(TestInvoker.java:173)
at org.testng.internal.MethodRunner.runInSequence(MethodRunner.java:46)
at org.testng.internal.TestInvoker$MethodInvocationAgent.invoke(TestInvoker.java:824)
at org.testng.internal.TestInvoker.invokeTestMethods(TestInvoker.java:146)
at org.testng.internal.TestMethodWorker.invokeTestMethods(TestMethodWorker.java:146)
at org.testng.internal.TestMethodWorker.run(TestMethodWorker.java:128)
at java.base/java.util.ArrayList.forEach(ArrayList.java:1596)
at org.testng.TestRunner.privateRun(TestRunner.java:794)
at org.testng.TestRunner.run(TestRunner.java:596)
at org.testng.SuiteRunner.runTest(SuiteRunner.java:377)
at org.testng.SuiteRunner.runSequentially(SuiteRunner.java:371)
at org.testng.SuiteRunner.privateRun(SuiteRunner.java:332)
at org.testng.SuiteRunner.run(SuiteRunner.java:276)
at org.testng.SuiteRunnerWorker.runSuite(SuiteRunnerWorker.java:53)
at org.testng.SuiteRunnerWorker.run(SuiteRunnerWorker.java:96)
at org.testng.TestNG.runSuitesSequentially(TestNG.java:1212)
at org.testng.TestNG.runSuitesLocally(TestNG.java:1134)
at org.testng.TestNG.runSuites(TestNG.java:1063)
at org.testng.TestNG.run(TestNG.java:1031)
at org.testng.remote.AbstractRemoteTestNG.run(AbstractRemoteTestNG.java:115)
at org.testng.remote.RemoteTestNG.initAndRun(RemoteTestNG.java:293)
at org.testng.remote.RemoteTestNG.main(RemoteTestNG.java:91)
]]>
    </failure>
  </testcase> <!-- OpenBrowser1 -->
  <system-out>
    <![CDATA[This test verifies the current selenium compatibility with TestNG by launching the chrome driver
Launching Google Chrome Driver version 81 for this test
The website used was DemoQA for this test(Hard Asserts)]]>
  </system-out>
  <testcase classname="com.toolsqa.HardSoftAssertsExample" name="OpenBrowser2" time="1.596">
    <failure message="The following asserts failed:
	First Test expected [DEMOQAX] but found [DEMOQA],
	Second Test expected [DEMOQAX] but found [DEMOQA],
	Third Test expected [DEMOQAX] but found [DEMOQA]" type="java.lang.AssertionError">
      <![CDATA[java.lang.AssertionError: The following asserts failed:
First Test expected [DEMOQAX] but found [DEMOQA],
Second Test expected [DEMOQAX] but found [DEMOQA],
Third Test expected [DEMOQAX] but found [DEMOQA]
at org.testng.asserts.SoftAssert.assertAll(SoftAssert.java:47)
at org.testng.asserts.SoftAssert.assertAll(SoftAssert.java:31)
at com.toolsqa.HardSoftAssertsExample.OpenBrowser2(HardSoftAssertsExample.java:90)
at java.base/jdk.internal.reflect.DirectMethodHandleAccessor.invoke(DirectMethodHandleAccessor.java:103)
at java.base/java.lang.reflect.Method.invoke(Method.java:580)
at org.testng.internal.MethodInvocationHelper.invokeMethod(MethodInvocationHelper.java:133)
at org.testng.internal.TestInvoker.invokeMethod(TestInvoker.java:598)
at org.testng.internal.TestInvoker.invokeTestMethod(TestInvoker.java:173)
at org.testng.internal.MethodRunner.runInSequence(MethodRunner.java:46)
at org.testng.internal.TestInvoker$MethodInvocationAgent.invoke(TestInvoker.java:824)
at org.testng.internal.TestInvoker.invokeTestMethods(TestInvoker.java:146)
at org.testng.internal.TestMethodWorker.invokeTestMethods(TestMethodWorker.java:146)
at org.testng.internal.TestMethodWorker.run(TestMethodWorker.java:128)
at java.base/java.util.ArrayList.forEach(ArrayList.java:1596)
at org.testng.TestRunner.privateRun(TestRunner.java:794)
at org.testng.TestRunner.run(TestRunner.java:596)
at org.testng.SuiteRunner.runTest(SuiteRunner.java:377)
at org.testng.SuiteRunner.runSequentially(SuiteRunner.java:371)
at org.testng.SuiteRunner.privateRun(SuiteRunner.java:332)
at org.testng.SuiteRunner.run(SuiteRunner.java:276)
at org.testng.SuiteRunnerWorker.runSuite(SuiteRunnerWorker.java:53)
at org.testng.SuiteRunnerWorker.run(SuiteRunnerWorker.java:96)
at org.testng.TestNG.runSuitesSequentially(TestNG.java:1212)
at org.testng.TestNG.runSuitesLocally(TestNG.java:1134)
at org.testng.TestNG.runSuites(TestNG.java:1063)
at org.testng.TestNG.run(TestNG.java:1031)
at org.testng.remote.AbstractRemoteTestNG.run(AbstractRemoteTestNG.java:115)
at org.testng.remote.RemoteTestNG.initAndRun(RemoteTestNG.java:293)
at org.testng.remote.RemoteTestNG.main(RemoteTestNG.java:91)
]]>
    </failure>
  </testcase> <!-- OpenBrowser2 -->
  <system-out>
    <![CDATA[This test verifies the current selenium compatibility with TestNG by launching the chrome driver
Launching Google Chrome Driver version 81 for this test
The website used was DemoQA for this test(soft Asserts)]]>
  </system-out>
  <testcase classname="com.toolsqa.HardSoftAssertsExample" name="CloseBrowser" time="0.284"/>
  <system-out>
    <![CDATA[Driver Closed After Testing]]>
  </system-out>
  <testcase classname="com.toolsqa.HardSoftAssertsExample" name="OpenBrowser">
    <skipped/>
  </testcase> <!-- OpenBrowser -->
  <system-out/>
</testsuite> <!-- com.toolsqa.HardSoftAssertsExample -->
